<?xml version="1.0" encoding="UTF-8"?>
<!-- Generated by org.testng.reporters.JUnitXMLReporter -->
<testsuite ignored="0" hostname="DESKTOP-KEA0758" failures="0" tests="4" name="Default test" time="5.322" errors="0" timestamp="2025-01-03T11:01:10 IST">
  <testcase classname="pckage1.testngClass2" name="verifyHomepageTitle" time="0.015"/>
  <testcase classname="pckage1.testngClass2" name="addcustomerlink" time="1.041"/>
  <testcase classname="pckage1.testngClass2" name="addcustomerradiobutton1" time="4.109"/>
  <testcase classname="pckage1.testngClass2" name="addcustomerradiobutton2" time="0.077"/>
</testsuite> <!-- Default test -->
